2025-04-14 15:08:42,664 - INFO - Starting historical data download at 2025-04-14 15:08:42
2025-04-14 15:08:42,666 - INFO - Downloading 180 days of historical data for 100 coins...
2025-04-14 15:08:42,666 - INFO - Found 0 coins with existing data
2025-04-14 15:08:42,666 - INFO - [1/100] Downloading data for Bitcoin (BTC)...
2025-04-14 15:08:42,872 - INFO -   Sleeping for 3.87s before next request
2025-04-14 15:08:46,751 - INFO - [2/100] Downloading data for Ethereum (ETH)...
2025-04-14 15:08:47,171 - INFO -   Sleeping for 3.75s before next request
2025-04-14 15:08:50,928 - INFO - [3/100] Downloading data for Tether (USDT)...
2025-04-14 15:08:51,128 - INFO -   Sleeping for 4.37s before next request
2025-04-14 15:08:55,510 - INFO - [4/100] Downloading data for XRP (XRP)...
2025-04-14 15:08:55,719 - INFO -   Sleeping for 3.04s before next request
2025-04-14 15:08:58,773 - INFO - [5/100] Downloading data for BNB (BNB)...
2025-04-14 15:08:58,804 - WARNING - Rate limited. Waiting 8.75s before retry 1/5
2025-04-14 15:09:07,608 - WARNING - Rate limited. Waiting 17.21s before retry 2/5
2025-04-14 15:09:24,852 - WARNING - Rate limited. Waiting 47.19s before retry 3/5
2025-04-14 15:10:12,487 - INFO -   Sleeping for 3.55s before next request
2025-04-14 15:10:16,052 - INFO - [6/100] Downloading data for Solana (SOL)...
2025-04-14 15:10:16,265 - INFO -   Sleeping for 3.23s before next request
2025-04-14 15:10:19,502 - INFO - [7/100] Downloading data for USDC (USDC)...
2025-04-14 15:10:19,692 - INFO -   Sleeping for 3.47s before next request
2025-04-14 15:10:23,177 - INFO - [8/100] Downloading data for Dogecoin (DOGE)...
2025-04-14 15:10:23,587 - INFO -   Sleeping for 3.61s before next request
2025-04-14 15:10:27,203 - INFO - [9/100] Downloading data for TRON (TRX)...
2025-04-14 15:10:27,416 - INFO -   Sleeping for 4.03s before next request
2025-04-14 15:10:31,443 - INFO - [10/100] Downloading data for Cardano (ADA)...
2025-04-14 15:10:31,472 - WARNING - Rate limited. Waiting 10.32s before retry 1/5
2025-04-14 15:10:41,834 - WARNING - Rate limited. Waiting 19.88s before retry 2/5
2025-04-14 15:11:01,764 - WARNING - Rate limited. Waiting 37.70s before retry 3/5
2025-04-14 15:11:39,669 - INFO -   Sleeping for 3.96s before next request
2025-04-14 15:11:43,641 - INFO - [11/100] Downloading data for Lido Staked Ether (STETH)...
2025-04-14 15:11:43,857 - INFO -   Sleeping for 4.97s before next request
2025-04-14 15:11:48,830 - INFO - [12/100] Downloading data for Wrapped Bitcoin (WBTC)...
2025-04-14 15:11:49,059 - INFO -   Sleeping for 4.27s before next request
2025-04-14 15:11:53,338 - INFO - [13/100] Downloading data for LEO Token (LEO)...
2025-04-14 15:11:53,536 - INFO -   Sleeping for 3.77s before next request
2025-04-14 15:11:57,318 - INFO - [14/100] Downloading data for Avalanche (AVAX)...
2025-04-14 15:11:57,511 - INFO -   Sleeping for 3.55s before next request
2025-04-14 15:12:01,067 - INFO - [15/100] Downloading data for Chainlink (LINK)...
2025-04-14 15:12:01,274 - INFO -   Sleeping for 3.80s before next request
2025-04-14 15:12:05,087 - INFO - [16/100] Downloading data for Sui (SUI)...
2025-04-14 15:12:05,122 - WARNING - Rate limited. Waiting 9.10s before retry 1/5
2025-04-14 15:12:14,253 - WARNING - Rate limited. Waiting 22.59s before retry 2/5
2025-04-14 15:12:36,884 - WARNING - Rate limited. Waiting 37.17s before retry 3/5
2025-04-14 15:13:14,272 - INFO -   Sleeping for 4.61s before next request
2025-04-14 15:13:18,889 - INFO - [17/100] Downloading data for Stellar (XLM)...
2025-04-14 15:13:19,096 - INFO -   Sleeping for 4.99s before next request
2025-04-14 15:13:24,095 - INFO - [18/100] Downloading data for Shiba Inu (SHIB)...
2025-04-14 15:13:24,304 - INFO -   Sleeping for 4.85s before next request
2025-04-14 15:13:29,162 - INFO - [19/100] Downloading data for Hedera (HBAR)...
2025-04-14 15:13:29,587 - INFO -   Sleeping for 3.50s before next request
2025-04-14 15:13:33,096 - INFO - [20/100] Downloading data for Wrapped stETH (WSTETH)...
2025-04-14 15:13:33,303 - INFO -   Sleeping for 4.39s before next request
2025-04-14 15:13:37,708 - INFO - [21/100] Downloading data for USDS (USDS)...
2025-04-14 15:13:37,737 - WARNING - Rate limited. Waiting 11.90s before retry 1/5
2025-04-14 15:13:49,682 - WARNING - Rate limited. Waiting 20.88s before retry 2/5
2025-04-14 15:14:10,612 - WARNING - Rate limited. Waiting 47.24s before retry 3/5
2025-04-14 15:14:58,077 - INFO -   Sleeping for 3.77s before next request
2025-04-14 15:15:01,864 - INFO - [22/100] Downloading data for Toncoin (TON)...
2025-04-14 15:15:02,068 - INFO -   Sleeping for 4.62s before next request
2025-04-14 15:15:06,692 - INFO - [23/100] Downloading data for Bitcoin Cash (BCH)...
2025-04-14 15:15:07,119 - INFO -   Sleeping for 4.54s before next request
2025-04-14 15:15:11,666 - INFO - [24/100] Downloading data for Litecoin (LTC)...
2025-04-14 15:15:11,861 - INFO -   Sleeping for 4.68s before next request
2025-04-14 15:15:16,549 - INFO - [25/100] Downloading data for Polkadot (DOT)...
2025-04-14 15:15:16,748 - INFO -   Sleeping for 4.27s before next request
2025-04-14 15:15:21,027 - INFO - [26/100] Downloading data for Hyperliquid (HYPE)...
2025-04-14 15:15:21,454 - INFO -   Sleeping for 3.26s before next request
2025-04-14 15:15:24,717 - INFO - [27/100] Downloading data for Bitget Token (BGB)...
2025-04-14 15:15:24,766 - WARNING - Rate limited. Waiting 10.86s before retry 1/5
2025-04-14 15:15:35,680 - WARNING - Rate limited. Waiting 16.62s before retry 2/5
2025-04-14 15:15:52,332 - WARNING - Rate limited. Waiting 42.09s before retry 3/5
2025-04-14 15:16:34,641 - INFO -   Sleeping for 4.18s before next request
2025-04-14 15:16:38,828 - INFO - [28/100] Downloading data for Binance Bridged USDT (BNB Smart Chain) (BSC-USD)...
2025-04-14 15:16:39,033 - INFO -   Sleeping for 3.77s before next request
2025-04-14 15:16:42,809 - INFO - [29/100] Downloading data for Pi Network (PI)...
2025-04-14 15:16:43,006 - INFO -   Sleeping for 4.60s before next request
2025-04-14 15:16:47,612 - INFO - [30/100] Downloading data for Ethena USDe (USDE)...
2025-04-14 15:16:47,824 - INFO -   Sleeping for 3.35s before next request
2025-04-14 15:16:51,183 - INFO - [31/100] Downloading data for WETH (WETH)...
2025-04-14 15:16:51,394 - INFO -   Sleeping for 4.89s before next request
2025-04-14 15:16:56,286 - INFO - [32/100] Downloading data for WhiteBIT Coin (WBT)...
2025-04-14 15:16:56,314 - WARNING - Rate limited. Waiting 8.64s before retry 1/5
2025-04-14 15:17:05,001 - WARNING - Rate limited. Waiting 21.27s before retry 2/5
2025-04-14 15:17:26,308 - WARNING - Rate limited. Waiting 33.82s before retry 3/5
2025-04-14 15:18:00,352 - INFO -   Sleeping for 4.01s before next request
2025-04-14 15:18:04,368 - INFO - [33/100] Downloading data for Monero (XMR)...
2025-04-14 15:18:04,569 - INFO -   Sleeping for 3.42s before next request
2025-04-14 15:18:07,999 - INFO - [34/100] Downloading data for Wrapped eETH (WEETH)...
2025-04-14 15:18:08,199 - INFO -   Sleeping for 3.39s before next request
2025-04-14 15:18:11,598 - INFO - [35/100] Downloading data for Uniswap (UNI)...
2025-04-14 15:18:11,799 - INFO -   Sleeping for 3.73s before next request
2025-04-14 15:18:15,528 - INFO - [36/100] Downloading data for Pepe (PEPE)...
2025-04-14 15:18:15,976 - INFO -   Sleeping for 4.56s before next request
2025-04-14 15:18:20,550 - INFO - [37/100] Downloading data for OKB (OKB)...
2025-04-14 15:18:20,593 - WARNING - Rate limited. Waiting 11.93s before retry 1/5
2025-04-14 15:18:32,565 - WARNING - Rate limited. Waiting 18.00s before retry 2/5
2025-04-14 15:18:50,598 - WARNING - Rate limited. Waiting 40.19s before retry 3/5
2025-04-14 15:19:30,988 - INFO -   Sleeping for 3.13s before next request
2025-04-14 15:19:34,129 - INFO - [38/100] Downloading data for Coinbase Wrapped BTC (CBBTC)...
2025-04-14 15:19:34,563 - INFO -   Sleeping for 3.15s before next request
2025-04-14 15:19:37,718 - INFO - [39/100] Downloading data for Dai (DAI)...
2025-04-14 15:19:37,912 - INFO -   Sleeping for 3.23s before next request
2025-04-14 15:19:41,153 - INFO - [40/100] Downloading data for Aptos (APT)...
2025-04-14 15:19:41,360 - INFO -   Sleeping for 3.08s before next request
2025-04-14 15:19:44,445 - INFO - [41/100] Downloading data for Ondo (ONDO)...
2025-04-14 15:19:44,474 - WARNING - Rate limited. Waiting 8.33s before retry 1/5
2025-04-14 15:19:52,853 - WARNING - Rate limited. Waiting 22.73s before retry 2/5
2025-04-14 15:20:15,637 - WARNING - Rate limited. Waiting 43.65s before retry 3/5
2025-04-14 15:20:59,513 - INFO -   Sleeping for 4.89s before next request
2025-04-14 15:21:04,410 - INFO - [42/100] Downloading data for Gate (GT)...
2025-04-14 15:21:04,620 - INFO -   Sleeping for 4.50s before next request
2025-04-14 15:21:09,122 - INFO - [43/100] Downloading data for Tokenize Xchange (TKX)...
2025-04-14 15:21:09,319 - INFO -   Sleeping for 4.19s before next request
2025-04-14 15:21:13,518 - INFO - [44/100] Downloading data for NEAR Protocol (NEAR)...
2025-04-14 15:21:13,722 - INFO -   Sleeping for 3.37s before next request
2025-04-14 15:21:17,103 - INFO - [45/100] Downloading data for sUSDS (SUSDS)...
2025-04-14 15:21:17,522 - INFO -   Sleeping for 3.26s before next request
2025-04-14 15:21:20,783 - INFO - [46/100] Downloading data for BlackRock USD Institutional Digital Liquidity Fund (BUIDL)...
2025-04-14 15:21:20,814 - WARNING - Rate limited. Waiting 8.69s before retry 1/5
2025-04-14 15:21:29,550 - WARNING - Rate limited. Waiting 21.69s before retry 2/5
2025-04-14 15:21:51,281 - WARNING - Rate limited. Waiting 35.49s before retry 3/5
2025-04-14 15:22:26,973 - INFO -   Sleeping for 4.80s before next request
2025-04-14 15:22:31,778 - INFO - [47/100] Downloading data for Internet Computer (ICP)...
2025-04-14 15:22:31,994 - INFO -   Sleeping for 4.09s before next request
2025-04-14 15:22:36,091 - INFO - [48/100] Downloading data for Cronos (CRO)...
2025-04-14 15:22:36,516 - INFO -   Sleeping for 4.85s before next request
2025-04-14 15:22:41,370 - INFO - [49/100] Downloading data for Ethereum Classic (ETC)...
2025-04-14 15:22:41,578 - INFO -   Sleeping for 4.21s before next request
2025-04-14 15:22:45,794 - INFO - [50/100] Downloading data for Mantle (MNT)...
2025-04-14 15:22:45,827 - WARNING - Rate limited. Waiting 10.41s before retry 1/5
2025-04-14 15:22:56,279 - WARNING - Rate limited. Waiting 20.94s before retry 2/5
2025-04-14 15:23:17,260 - WARNING - Rate limited. Waiting 47.07s before retry 3/5
2025-04-14 15:24:04,579 - INFO -   Sleeping for 4.05s before next request
2025-04-14 15:24:08,637 - INFO - [51/100] Downloading data for Aave (AAVE)...
2025-04-14 15:24:08,857 - INFO -   Sleeping for 3.28s before next request
2025-04-14 15:24:12,140 - INFO - [52/100] Downloading data for Ethena Staked USDe (SUSDE)...
2025-04-14 15:24:12,359 - INFO -   Sleeping for 3.73s before next request
2025-04-14 15:24:16,103 - INFO - [53/100] Downloading data for Bittensor (TAO)...
2025-04-14 15:24:16,544 - INFO -   Sleeping for 4.70s before next request
2025-04-14 15:24:21,248 - INFO - [54/100] Downloading data for VeChain (VET)...
2025-04-14 15:24:21,459 - INFO -   Sleeping for 4.76s before next request
2025-04-14 15:24:26,236 - INFO - [55/100] Downloading data for Kaspa (KAS)...
2025-04-14 15:24:26,271 - WARNING - Rate limited. Waiting 8.87s before retry 1/5
2025-04-14 15:24:35,188 - WARNING - Rate limited. Waiting 17.52s before retry 2/5
2025-04-14 15:24:52,757 - WARNING - Rate limited. Waiting 35.70s before retry 3/5
2025-04-14 15:25:28,697 - INFO -   Sleeping for 4.08s before next request
2025-04-14 15:25:32,792 - INFO - [56/100] Downloading data for Render (RENDER)...
2025-04-14 15:25:33,217 - INFO -   Sleeping for 4.81s before next request
2025-04-14 15:25:38,038 - INFO - [57/100] Downloading data for Cosmos Hub (ATOM)...
2025-04-14 15:25:38,249 - INFO -   Sleeping for 3.94s before next request
2025-04-14 15:25:42,204 - INFO - [58/100] Downloading data for Lombard Staked BTC (LBTC)...
2025-04-14 15:25:42,411 - INFO -   Sleeping for 3.64s before next request
2025-04-14 15:25:46,047 - INFO - [59/100] Downloading data for Ethena (ENA)...
2025-04-14 15:25:46,075 - WARNING - Rate limited. Waiting 9.36s before retry 1/5
2025-04-14 15:25:55,484 - WARNING - Rate limited. Waiting 18.28s before retry 2/5
2025-04-14 15:26:13,813 - WARNING - Rate limited. Waiting 32.09s before retry 3/5
2025-04-14 15:26:46,108 - INFO -   Sleeping for 3.91s before next request
2025-04-14 15:26:50,018 - INFO - [60/100] Downloading data for Fasttoken (FTN)...
2025-04-14 15:26:50,219 - INFO -   Sleeping for 4.69s before next request
2025-04-14 15:26:54,912 - INFO - [61/100] Downloading data for Official Trump (TRUMP)...
2025-04-14 15:26:55,337 - INFO -   Sleeping for 4.78s before next request
2025-04-14 15:27:00,130 - INFO - [62/100] Downloading data for First Digital USD (FDUSD)...
2025-04-14 15:27:00,327 - INFO -   Sleeping for 4.19s before next request
2025-04-14 15:27:04,528 - INFO - [63/100] Downloading data for Filecoin (FIL)...
2025-04-14 15:27:04,957 - INFO -   Sleeping for 4.62s before next request
2025-04-14 15:27:09,579 - INFO - [64/100] Downloading data for Algorand (ALGO)...
2025-04-14 15:27:09,796 - INFO -   Sleeping for 3.34s before next request
2025-04-14 15:27:13,143 - INFO - [65/100] Downloading data for Sonic (prev. FTM) (S)...
2025-04-14 15:27:13,177 - WARNING - Rate limited. Waiting 11.06s before retry 1/5
2025-04-14 15:27:24,306 - WARNING - Rate limited. Waiting 18.10s before retry 2/5
2025-04-14 15:27:42,446 - WARNING - Rate limited. Waiting 34.26s before retry 3/5
2025-04-14 15:28:16,993 - INFO -   Sleeping for 3.16s before next request
2025-04-14 15:28:20,158 - INFO - [66/100] Downloading data for POL (ex-MATIC) (POL)...
2025-04-14 15:28:20,405 - INFO -   Sleeping for 3.31s before next request
2025-04-14 15:28:23,719 - INFO - [67/100] Downloading data for Celestia (TIA)...
2025-04-14 15:28:23,918 - INFO -   Sleeping for 3.58s before next request
2025-04-14 15:28:27,502 - INFO - [68/100] Downloading data for Arbitrum (ARB)...
2025-04-14 15:28:27,696 - INFO -   Sleeping for 4.23s before next request
2025-04-14 15:28:31,933 - INFO - [69/100] Downloading data for Jupiter Perpetuals Liquidity Provider Token (JLP)...
2025-04-14 15:28:31,964 - WARNING - Rate limited. Waiting 10.96s before retry 1/5
2025-04-14 15:28:42,957 - WARNING - Rate limited. Waiting 17.90s before retry 2/5
2025-04-14 15:29:00,897 - WARNING - Rate limited. Waiting 44.07s before retry 3/5
2025-04-14 15:29:45,185 - INFO -   Sleeping for 3.19s before next request
2025-04-14 15:29:48,390 - INFO - [70/100] Downloading data for Solv Protocol SolvBTC (SOLVBTC)...
2025-04-14 15:29:48,586 - INFO -   Sleeping for 3.02s before next request
2025-04-14 15:29:51,614 - INFO - [71/100] Downloading data for KuCoin (KCS)...
2025-04-14 15:29:51,831 - INFO -   Sleeping for 3.33s before next request
2025-04-14 15:29:55,165 - INFO - [72/100] Downloading data for Artificial Superintelligence Alliance (FET)...
2025-04-14 15:29:55,362 - INFO -   Sleeping for 4.48s before next request
2025-04-14 15:29:59,846 - INFO - [73/100] Downloading data for XDC Network (XDC)...
2025-04-14 15:30:00,043 - INFO -   Sleeping for 3.48s before next request
2025-04-14 15:30:03,530 - INFO - [74/100] Downloading data for Maker (MKR)...
2025-04-14 15:30:03,730 - INFO -   Sleeping for 3.42s before next request
2025-04-14 15:30:07,161 - INFO - [75/100] Downloading data for Optimism (OP)...
2025-04-14 15:30:07,193 - WARNING - Rate limited. Waiting 9.93s before retry 1/5
2025-04-14 15:30:17,165 - WARNING - Rate limited. Waiting 23.31s before retry 2/5
2025-04-14 15:30:40,529 - WARNING - Rate limited. Waiting 32.92s before retry 3/5
2025-04-14 15:31:13,671 - INFO -   Sleeping for 4.72s before next request
2025-04-14 15:31:18,400 - INFO - [76/100] Downloading data for Jupiter (JUP)...
2025-04-14 15:31:18,602 - INFO -   Sleeping for 3.66s before next request
2025-04-14 15:31:22,279 - INFO - [77/100] Downloading data for Binance Staked SOL (BNSOL)...
2025-04-14 15:31:22,480 - INFO -   Sleeping for 4.98s before next request
2025-04-14 15:31:27,465 - INFO - [78/100] Downloading data for Flare (FLR)...
2025-04-14 15:31:27,893 - INFO -   Sleeping for 3.90s before next request
2025-04-14 15:31:31,802 - INFO - [79/100] Downloading data for Story (IP)...
2025-04-14 15:31:32,042 - INFO -   Sleeping for 4.64s before next request
2025-04-14 15:31:36,687 - INFO - [80/100] Downloading data for USDT0 (USDT0)...
2025-04-14 15:31:36,721 - WARNING - Rate limited. Waiting 10.91s before retry 1/5
2025-04-14 15:31:47,678 - WARNING - Rate limited. Waiting 17.95s before retry 2/5
2025-04-14 15:32:05,667 - WARNING - Rate limited. Waiting 35.74s before retry 3/5
2025-04-14 15:32:41,633 - INFO -   Sleeping for 4.00s before next request
2025-04-14 15:32:45,642 - INFO - [81/100] Downloading data for Bonk (BONK)...
2025-04-14 15:32:45,845 - INFO -   Sleeping for 3.64s before next request
2025-04-14 15:32:49,488 - INFO - [82/100] Downloading data for NEXO (NEXO)...
2025-04-14 15:32:49,948 - INFO -   Sleeping for 3.77s before next request
2025-04-14 15:32:53,728 - INFO - [83/100] Downloading data for Binance-Peg WETH (WETH)...
2025-04-14 15:32:53,936 - INFO -   Sleeping for 4.26s before next request
2025-04-14 15:32:58,201 - INFO - [84/100] Downloading data for Quant (QNT)...
2025-04-14 15:32:58,641 - INFO -   Sleeping for 4.27s before next request
2025-04-14 15:33:02,917 - INFO - [85/100] Downloading data for Kelp DAO Restaked ETH (RSETH)...
2025-04-14 15:33:03,116 - INFO -   Sleeping for 3.54s before next request
2025-04-14 15:33:06,666 - INFO - [86/100] Downloading data for Worldcoin (WLD)...
2025-04-14 15:33:06,695 - WARNING - Rate limited. Waiting 8.77s before retry 1/5
2025-04-14 15:33:15,511 - WARNING - Rate limited. Waiting 20.25s before retry 2/5
2025-04-14 15:33:35,813 - WARNING - Rate limited. Waiting 35.47s before retry 3/5
2025-04-14 15:34:11,712 - INFO -   Sleeping for 3.01s before next request
2025-04-14 15:34:14,722 - INFO - [87/100] Downloading data for Stacks (STX)...
2025-04-14 15:34:15,163 - INFO -   Sleeping for 4.23s before next request
2025-04-14 15:34:19,405 - INFO - [88/100] Downloading data for EOS (EOS)...
2025-04-14 15:34:19,827 - INFO -   Sleeping for 3.49s before next request
2025-04-14 15:34:23,327 - INFO - [89/100] Downloading data for Sei (SEI)...
2025-04-14 15:34:23,537 - INFO -   Sleeping for 4.57s before next request
2025-04-14 15:34:28,111 - INFO - [90/100] Downloading data for Fartcoin (FARTCOIN)...
2025-04-14 15:34:28,530 - INFO -   Sleeping for 3.81s before next request
2025-04-14 15:34:32,347 - INFO - [91/100] Downloading data for Binance Bridged USDC (BNB Smart Chain) (USDC)...
2025-04-14 15:34:32,387 - WARNING - Rate limited. Waiting 11.68s before retry 1/5
2025-04-14 15:34:44,109 - WARNING - Rate limited. Waiting 21.98s before retry 2/5
2025-04-14 15:35:06,132 - WARNING - Rate limited. Waiting 41.34s before retry 3/5
2025-04-14 15:35:47,908 - INFO -   Sleeping for 3.00s before next request
2025-04-14 15:35:50,916 - INFO - [92/100] Downloading data for PayPal USD (PYUSD)...
2025-04-14 15:35:51,116 - INFO -   Sleeping for 3.37s before next request
2025-04-14 15:35:54,491 - INFO - [93/100] Downloading data for DeXe (DEXE)...
2025-04-14 15:35:54,693 - INFO -   Sleeping for 3.30s before next request
2025-04-14 15:35:58,000 - INFO - [94/100] Downloading data for Curve DAO (CRV)...
2025-04-14 15:35:58,208 - INFO -   Sleeping for 4.72s before next request
2025-04-14 15:36:02,935 - INFO - [95/100] Downloading data for Injective (INJ)...
2025-04-14 15:36:03,151 - INFO -   Sleeping for 3.51s before next request
2025-04-14 15:36:06,671 - INFO - [96/100] Downloading data for Rocket Pool ETH (RETH)...
2025-04-14 15:36:07,129 - INFO -   Sleeping for 4.42s before next request
2025-04-14 15:36:11,557 - INFO - [97/100] Downloading data for Polygon Bridged USDT (Polygon) (USDT)...
2025-04-14 15:36:11,597 - WARNING - Rate limited. Waiting 10.03s before retry 1/5
2025-04-14 15:36:21,666 - WARNING - Rate limited. Waiting 17.96s before retry 2/5
2025-04-14 15:36:39,665 - WARNING - Rate limited. Waiting 46.77s before retry 3/5
2025-04-14 15:37:26,703 - INFO -   Sleeping for 3.90s before next request
2025-04-14 15:37:30,611 - INFO - [98/100] Downloading data for JasmyCoin (JASMY)...
2025-04-14 15:37:30,864 - INFO -   Sleeping for 3.05s before next request
2025-04-14 15:37:33,917 - INFO - [99/100] Downloading data for Tether Gold (XAUT)...
2025-04-14 15:37:34,161 - INFO -   Sleeping for 3.91s before next request
2025-04-14 15:37:38,085 - INFO - [100/100] Downloading data for The Graph (GRT)...
2025-04-14 15:37:38,547 - INFO -   Sleeping for 3.34s before next request
2025-04-14 15:37:41,892 - INFO - Calculating daily candles from price data...
2025-04-14 15:37:42,194 - INFO - Successfully calculated daily candles for 97 coins
2025-04-14 15:37:42,194 - INFO - Creating combined price dataset for correlation analysis...
2025-04-14 15:37:42,215 - INFO - Successfully saved combined price data for 97 coins
2025-04-14 15:37:42,234 - INFO - Successfully saved combined daily returns for 97 coins
2025-04-14 15:37:42,234 - INFO - Historical data download completed at 2025-04-14 15:37:42
